2023-08-14 09:25:42.692  WARN 1492 --- [HikariPool-1 housekeeper] com.zaxxer.hikari.pool.HikariPool        : HikariPool-1 - Thread starvation or clock leap detected (housekeeper delta=2d20h25m44s856ms635µs600ns).
2023-08-14 09:37:57.052  INFO 1492 --- [File Watcher] rtingClassPathChangeChangedEventListener : Restarting due to 13 class path changes (0 additions, 0 deletions, 13 modifications)
2023-08-14 09:37:57.771  INFO 1492 --- [Thread-7] o.apache.catalina.core.StandardService   : Stopping service [Tomcat]
2023-08-14 09:37:57.810  INFO 1492 --- [Thread-7] o.a.c.c.C.[Tomcat].[localhost].[/]       : Destroying Spring FrameworkServlet 'dispatcherServlet'
2023-08-14 09:37:57.951  INFO 1492 --- [Thread-7] com.zaxxer.hikari.HikariDataSource       : HikariPool-1 - Shutdown initiated...
2023-08-14 09:37:58.155  INFO 1492 --- [Thread-7] com.zaxxer.hikari.HikariDataSource       : HikariPool-1 - Shutdown completed.
2023-08-14 09:37:58.851  INFO 1492 --- [restartedMain] com.tr.join.Gdj64JoinFinalApplication    : Starting Gdj64JoinFinalApplication using Java 17.0.7 on DESKTOP-M8CTEFU with PID 1492 (C:\Users\user\git\triggerfinal\target\classes started by user in C:\Users\user\git\triggerfinal)
2023-08-14 09:37:58.852  INFO 1492 --- [restartedMain] com.tr.join.Gdj64JoinFinalApplication    : No active profile set, falling back to 1 default profile: "default"
2023-08-14 09:38:01.102  INFO 1492 --- [restartedMain] .s.d.r.c.RepositoryConfigurationDelegate : Bootstrapping Spring Data JDBC repositories in DEFAULT mode.
2023-08-14 09:38:01.178  INFO 1492 --- [restartedMain] .s.d.r.c.RepositoryConfigurationDelegate : Finished Spring Data repository scanning in 43 ms. Found 0 JDBC repository interfaces.
2023-08-14 09:38:01.311  WARN 1492 --- [restartedMain] o.m.s.mapper.ClassPathMapperScanner      : No MyBatis mapper was found in '[com.tr.join]' package. Please check your configuration.
2023-08-14 09:38:01.623  INFO 1492 --- [restartedMain] o.s.b.w.embedded.tomcat.TomcatWebServer  : Tomcat initialized with port(s): 9090 (http)
2023-08-14 09:38:01.625  INFO 1492 --- [restartedMain] o.apache.catalina.core.StandardService   : Starting service [Tomcat]
2023-08-14 09:38:01.625  INFO 1492 --- [restartedMain] org.apache.catalina.core.StandardEngine  : Starting Servlet engine: [Apache Tomcat/9.0.78]
2023-08-14 09:38:02.058  INFO 1492 --- [restartedMain] org.apache.jasper.servlet.TldScanner     : At least one JAR was scanned for TLDs yet contained no TLDs. Enable debug logging for this logger for a complete list of JARs that were scanned but no TLDs were found in them. Skipping unneeded JARs during scanning can improve startup time and JSP compilation time.
2023-08-14 09:38:02.066  INFO 1492 --- [restartedMain] o.a.c.c.C.[Tomcat].[localhost].[/]       : Initializing Spring embedded WebApplicationContext
2023-08-14 09:38:02.066  INFO 1492 --- [restartedMain] w.s.c.ServletWebServerApplicationContext : Root WebApplicationContext: initialization completed in 3208 ms
2023-08-14 09:38:02.585  INFO 1492 --- [restartedMain] o.s.s.web.DefaultSecurityFilterChain     : Will secure any request with [org.springframework.security.web.session.DisableEncodeUrlFilter@2b7763f8, org.springframework.security.web.context.request.async.WebAsyncManagerIntegrationFilter@5b8c7e5b, org.springframework.security.web.context.SecurityContextPersistenceFilter@6f8321a, org.springframework.security.web.header.HeaderWriterFilter@66d2ace6, org.springframework.security.web.authentication.logout.LogoutFilter@4d2f074c, org.springframework.security.web.authentication.UsernamePasswordAuthenticationFilter@4e7b51bf, org.springframework.security.web.savedrequest.RequestCacheAwareFilter@2815684e, org.springframework.security.web.servletapi.SecurityContextHolderAwareRequestFilter@5b535436, org.springframework.security.web.authentication.rememberme.RememberMeAuthenticationFilter@1190cc7d, org.springframework.security.web.authentication.AnonymousAuthenticationFilter@2583d4b3, org.springframework.security.web.session.SessionManagementFilter@394d19e9, org.springframework.security.web.access.ExceptionTranslationFilter@520f8992, org.springframework.security.web.access.intercept.AuthorizationFilter@62b39849]
2023-08-14 09:38:03.053  INFO 1492 --- [restartedMain] com.zaxxer.hikari.HikariDataSource       : HikariPool-2 - Starting...
2023-08-14 09:38:03.182  INFO 1492 --- [restartedMain] com.zaxxer.hikari.HikariDataSource       : HikariPool-2 - Start completed.
2023-08-14 09:38:03.213  INFO 1492 --- [restartedMain] o.s.b.d.a.OptionalLiveReloadServer       : LiveReload server is running on port 35729
2023-08-14 09:38:03.243  INFO 1492 --- [restartedMain] o.s.b.w.embedded.tomcat.TomcatWebServer  : Tomcat started on port(s): 9090 (http) with context path ''
2023-08-14 09:38:03.254  INFO 1492 --- [restartedMain] com.tr.join.Gdj64JoinFinalApplication    : Started Gdj64JoinFinalApplication in 4.628 seconds (JVM running for 338335.844)
2023-08-14 09:38:03.259  INFO 1492 --- [restartedMain] .ConditionEvaluationDeltaLoggingListener : Condition evaluation unchanged
2023-08-14 09:38:08.073  INFO 1492 --- [File Watcher] rtingClassPathChangeChangedEventListener : Restarting due to 3 class path changes (0 additions, 3 deletions, 0 modifications)
2023-08-14 09:38:08.090  INFO 1492 --- [Thread-33] o.apache.catalina.core.StandardService   : Stopping service [Tomcat]
2023-08-14 09:38:08.094  INFO 1492 --- [Thread-33] com.zaxxer.hikari.HikariDataSource       : HikariPool-2 - Shutdown initiated...
2023-08-14 09:38:08.228  INFO 1492 --- [Thread-33] com.zaxxer.hikari.HikariDataSource       : HikariPool-2 - Shutdown completed.
2023-08-14 09:38:08.297  INFO 1492 --- [restartedMain] com.tr.join.Gdj64JoinFinalApplication    : Starting Gdj64JoinFinalApplication using Java 17.0.7 on DESKTOP-M8CTEFU with PID 1492 (C:\Users\user\git\triggerfinal\target\classes started by user in C:\Users\user\git\triggerfinal)
2023-08-14 09:38:08.298  INFO 1492 --- [restartedMain] com.tr.join.Gdj64JoinFinalApplication    : No active profile set, falling back to 1 default profile: "default"
2023-08-14 09:38:08.467  INFO 1492 --- [restartedMain] .s.d.r.c.RepositoryConfigurationDelegate : Bootstrapping Spring Data JDBC repositories in DEFAULT mode.
2023-08-14 09:38:08.477  INFO 1492 --- [restartedMain] .s.d.r.c.RepositoryConfigurationDelegate : Finished Spring Data repository scanning in 9 ms. Found 0 JDBC repository interfaces.
2023-08-14 09:38:08.506  WARN 1492 --- [restartedMain] o.m.s.mapper.ClassPathMapperScanner      : No MyBatis mapper was found in '[com.tr.join]' package. Please check your configuration.
2023-08-14 09:38:08.550  INFO 1492 --- [restartedMain] o.s.b.w.embedded.tomcat.TomcatWebServer  : Tomcat initialized with port(s): 9090 (http)
2023-08-14 09:38:08.551  INFO 1492 --- [restartedMain] o.apache.catalina.core.StandardService   : Starting service [Tomcat]
2023-08-14 09:38:08.552  INFO 1492 --- [restartedMain] org.apache.catalina.core.StandardEngine  : Starting Servlet engine: [Apache Tomcat/9.0.78]
2023-08-14 09:38:08.707  INFO 1492 --- [restartedMain] org.apache.jasper.servlet.TldScanner     : At least one JAR was scanned for TLDs yet contained no TLDs. Enable debug logging for this logger for a complete list of JARs that were scanned but no TLDs were found in them. Skipping unneeded JARs during scanning can improve startup time and JSP compilation time.
2023-08-14 09:38:08.710  INFO 1492 --- [restartedMain] o.a.c.c.C.[Tomcat].[localhost].[/]       : Initializing Spring embedded WebApplicationContext
2023-08-14 09:38:08.710  INFO 1492 --- [restartedMain] w.s.c.ServletWebServerApplicationContext : Root WebApplicationContext: initialization completed in 410 ms
2023-08-14 09:38:08.856  INFO 1492 --- [restartedMain] o.s.s.web.DefaultSecurityFilterChain     : Will secure any request with [org.springframework.security.web.session.DisableEncodeUrlFilter@33aa15cd, org.springframework.security.web.context.request.async.WebAsyncManagerIntegrationFilter@60cffa06, org.springframework.security.web.context.SecurityContextPersistenceFilter@7c5dad3c, org.springframework.security.web.header.HeaderWriterFilter@6cd560e9, org.springframework.security.web.authentication.logout.LogoutFilter@712a4e0b, org.springframework.security.web.authentication.UsernamePasswordAuthenticationFilter@7e4dd94e, org.springframework.security.web.savedrequest.RequestCacheAwareFilter@820f911, org.springframework.security.web.servletapi.SecurityContextHolderAwareRequestFilter@4fb512d4, org.springframework.security.web.authentication.rememberme.RememberMeAuthenticationFilter@23bd2f5d, org.springframework.security.web.authentication.AnonymousAuthenticationFilter@43320bf4, org.springframework.security.web.session.SessionManagementFilter@593ec57c, org.springframework.security.web.access.ExceptionTranslationFilter@71e62e4, org.springframework.security.web.access.intercept.AuthorizationFilter@c47358]
2023-08-14 09:38:08.962  INFO 1492 --- [restartedMain] com.zaxxer.hikari.HikariDataSource       : HikariPool-3 - Starting...
2023-08-14 09:38:09.092  INFO 1492 --- [restartedMain] com.zaxxer.hikari.HikariDataSource       : HikariPool-3 - Start completed.
2023-08-14 09:38:09.103  INFO 1492 --- [restartedMain] o.s.b.d.a.OptionalLiveReloadServer       : LiveReload server is running on port 35729
2023-08-14 09:38:09.115  INFO 1492 --- [restartedMain] o.s.b.w.embedded.tomcat.TomcatWebServer  : Tomcat started on port(s): 9090 (http) with context path ''
2023-08-14 09:38:09.122  INFO 1492 --- [restartedMain] com.tr.join.Gdj64JoinFinalApplication    : Started Gdj64JoinFinalApplication in 0.847 seconds (JVM running for 338341.712)
2023-08-14 09:38:09.125  INFO 1492 --- [restartedMain] .ConditionEvaluationDeltaLoggingListener : Condition evaluation unchanged
